
**** Build of configuration Debug__TI for project td1m_predictor ****

/Applications/ti/ccs1250/ccs/utils/bin/gmake -k -j 7 all -O 
 
Building file: "../src/NoFearForDiabetes/scripts/main.c"
Invoking: MSP430 Compiler
"/Applications/ti/ccs1250/ccs/tools/compiler/ti-cgt-msp430_21.6.1.LTS/bin/cl430" -vmspx --data_model=restricted -Ooff --use_hw_mpy=F5 --include_path="/Users/giovannicherubini/Desktop/Thesis/Code/no-fear-for-diabetes/MSP430FR5994/td1m_predictor/src/NoFearForDiabetes/headers" --include_path="/Users/giovannicherubini/Desktop/Thesis/Code/no-fear-for-diabetes/MSP430FR5994/td1m_predictor/src/driverlib/MSP430FR5xx_6xx" --include_path="/Applications/ti/ccs1250/ccs/ccs_base/msp430/include" --include_path="/Users/giovannicherubini/Desktop/Thesis/Code/no-fear-for-diabetes/MSP430FR5994/td1m_predictor" --include_path="/Applications/ti/ccs1250/ccs/tools/compiler/ti-cgt-msp430_21.6.1.LTS/include" --advice:power=all --advice:hw_config=all --define=__MSP430FR5994__ --define=_MPU_ENABLE -g --printf_support=minimal --diag_warning=225 --diag_wrap=off --display_error_number --silicon_errata=CPU21 --silicon_errata=CPU22 --silicon_errata=CPU40 --preproc_with_compile --preproc_dependency="src/NoFearForDiabetes/scripts/main.d_raw" --obj_directory="src/NoFearForDiabetes/scripts"  "../src/NoFearForDiabetes/scripts/main.c"
"../src/NoFearForDiabetes/scripts/main.c", line 66: remark #1544-D: (ULP 13.1) Detected loop counting up. Recommend loops count down as detecting zeros is easier
"../src/NoFearForDiabetes/scripts/main.c", line 82: remark #1541-D: (ULP 12.1) Detected memcpy() for transfer greater than 100 words. Recommend using DMA instead
"../src/NoFearForDiabetes/scripts/main.c", line 84: remark #1530-D: (ULP 5.1) Detected divide operation(s). Recommend moving them to RAM during run time or not using as these are processing/power intensive
"../src/NoFearForDiabetes/scripts/main.c", line 96: remark #1541-D: (ULP 12.1) Detected memcpy() for transfer greater than 100 words. Recommend using DMA instead
"../src/NoFearForDiabetes/scripts/main.c", line 82: remark #1541-D: (ULP 12.1) Detected memcpy() for transfer greater than 100 words. Recommend using DMA instead
"../src/NoFearForDiabetes/scripts/main.c", line 96: remark #1541-D: (ULP 12.1) Detected memcpy() for transfer greater than 100 words. Recommend using DMA instead
"../src/NoFearForDiabetes/scripts/main.c", line 119: warning #179-D: variable "startTick" was declared but never referenced
"../src/NoFearForDiabetes/scripts/main.c", line 119: warning #179-D: variable "endTick" was declared but never referenced
"../src/NoFearForDiabetes/scripts/main.c", line 119: warning #179-D: variable "lastExecutionTime" was declared but never referenced
"../src/NoFearForDiabetes/scripts/main.c", line 120: remark #1538-D: (ULP 10.1) ISR Timer_A0_ISR calls function lr. Recommend moving function call away from ISR, or inlining the function, or using pragmas
"../src/NoFearForDiabetes/scripts/main.c", line 121: remark #1538-D: (ULP 10.1) ISR Timer_A0_ISR calls function lw. Recommend moving function call away from ISR, or inlining the function, or using pragmas
"../src/NoFearForDiabetes/scripts/main.c", line 124: remark #1538-D: (ULP 10.1) ISR Timer_A0_ISR calls function ekf_on. Recommend moving function call away from ISR, or inlining the function, or using pragmas
"../src/NoFearForDiabetes/scripts/main.c", line 129: remark #1538-D: (ULP 10.1) ISR Timer_A0_ISR calls function lw. Recommend moving function call away from ISR, or inlining the function, or using pragmas
"/Applications/ti/ccs1250/ccs/tools/compiler/ti-cgt-msp430_21.6.1.LTS/include/_defs.h", line 334 (col. 37): remark #1531-D: (ULP 5.2) Detected floating point operation(s). Recommend moving them to RAM during run time or not using as these are processing/power intensive
"/Applications/ti/ccs1250/ccs/tools/compiler/ti-cgt-msp430_21.6.1.LTS/include/_defs.h", line 335 (col. 10): remark #1531-D: (ULP 5.2) Detected floating point operation(s). Recommend moving them to RAM during run time or not using as these are processing/power intensive
"/Applications/ti/ccs1250/ccs/tools/compiler/ti-cgt-msp430_21.6.1.LTS/include/_defs.h", line 336 (col. 37): remark #1531-D: (ULP 5.2) Detected floating point operation(s). Recommend moving them to RAM during run time or not using as these are processing/power intensive
"/Applications/ti/ccs1250/ccs/tools/compiler/ti-cgt-msp430_21.6.1.LTS/include/_defs.h", line 337 (col. 10): remark #1531-D: (ULP 5.2) Detected floating point operation(s). Recommend moving them to RAM during run time or not using as these are processing/power intensive
"/Applications/ti/ccs1250/ccs/tools/compiler/ti-cgt-msp430_21.6.1.LTS/include/_defs.h", line 338 (col. 37): remark #1531-D: (ULP 5.2) Detected floating point operation(s). Recommend moving them to RAM during run time or not using as these are processing/power intensive
"/Applications/ti/ccs1250/ccs/tools/compiler/ti-cgt-msp430_21.6.1.LTS/include/_defs.h", line 339 (col. 10): remark #1531-D: (ULP 5.2) Detected floating point operation(s). Recommend moving them to RAM during run time or not using as these are processing/power intensive
"/Applications/ti/ccs1250/ccs/tools/compiler/ti-cgt-msp430_21.6.1.LTS/include/_defs.h", line 341 (col. 37): remark #1531-D: (ULP 5.2) Detected floating point operation(s). Recommend moving them to RAM during run time or not using as these are processing/power intensive
"/Applications/ti/ccs1250/ccs/tools/compiler/ti-cgt-msp430_21.6.1.LTS/include/_defs.h", line 342 (col. 10): remark #1531-D: (ULP 5.2) Detected floating point operation(s). Recommend moving them to RAM during run time or not using as these are processing/power intensive
"/Applications/ti/ccs1250/ccs/tools/compiler/ti-cgt-msp430_21.6.1.LTS/include/_defs.h", line 343 (col. 10): remark #1531-D: (ULP 5.2) Detected floating point operation(s). Recommend moving them to RAM during run time or not using as these are processing/power intensive
"/Applications/ti/ccs1250/ccs/tools/compiler/ti-cgt-msp430_21.6.1.LTS/include/_defs.h", line 344 (col. 37): remark #1531-D: (ULP 5.2) Detected floating point operation(s). Recommend moving them to RAM during run time or not using as these are processing/power intensive
"/Applications/ti/ccs1250/ccs/tools/compiler/ti-cgt-msp430_21.6.1.LTS/include/_defs.h", line 345 (col. 10): remark #1531-D: (ULP 5.2) Detected floating point operation(s). Recommend moving them to RAM during run time or not using as these are processing/power intensive
"/Applications/ti/ccs1250/ccs/tools/compiler/ti-cgt-msp430_21.6.1.LTS/include/_defs.h", line 346 (col. 10): remark #1531-D: (ULP 5.2) Detected floating point operation(s). Recommend moving them to RAM during run time or not using as these are processing/power intensive
"/Applications/ti/ccs1250/ccs/tools/compiler/ti-cgt-msp430_21.6.1.LTS/include/_defs.h", line 347 (col. 37): remark #1531-D: (ULP 5.2) Detected floating point operation(s). Recommend moving them to RAM during run time or not using as these are processing/power intensive
"/Applications/ti/ccs1250/ccs/tools/compiler/ti-cgt-msp430_21.6.1.LTS/include/_defs.h", line 348 (col. 10): remark #1531-D: (ULP 5.2) Detected floating point operation(s). Recommend moving them to RAM during run time or not using as these are processing/power intensive
"/Applications/ti/ccs1250/ccs/tools/compiler/ti-cgt-msp430_21.6.1.LTS/include/_defs.h", line 349 (col. 10): remark #1531-D: (ULP 5.2) Detected floating point operation(s). Recommend moving them to RAM during run time or not using as these are processing/power intensive
"/Applications/ti/ccs1250/ccs/tools/compiler/ti-cgt-msp430_21.6.1.LTS/include/_defs.h", line 351 (col. 37): remark #1531-D: (ULP 5.2) Detected floating point operation(s). Recommend moving them to RAM during run time or not using as these are processing/power intensive
"/Applications/ti/ccs1250/ccs/tools/compiler/ti-cgt-msp430_21.6.1.LTS/include/_defs.h", line 352 (col. 11): remark #1531-D: (ULP 5.2) Detected floating point operation(s). Recommend moving them to RAM during run time or not using as these are processing/power intensive
"/Applications/ti/ccs1250/ccs/tools/compiler/ti-cgt-msp430_21.6.1.LTS/include/_defs.h", line 353 (col. 11): remark #1531-D: (ULP 5.2) Detected floating point operation(s). Recommend moving them to RAM during run time or not using as these are processing/power intensive
"/Applications/ti/ccs1250/ccs/tools/compiler/ti-cgt-msp430_21.6.1.LTS/include/_defs.h", line 355 (col. 37): remark #1531-D: (ULP 5.2) Detected floating point operation(s). Recommend moving them to RAM during run time or not using as these are processing/power intensive
"/Applications/ti/ccs1250/ccs/tools/compiler/ti-cgt-msp430_21.6.1.LTS/include/_defs.h", line 356 (col. 11): remark #1531-D: (ULP 5.2) Detected floating point operation(s). Recommend moving them to RAM during run time or not using as these are processing/power intensive
"/Applications/ti/ccs1250/ccs/tools/compiler/ti-cgt-msp430_21.6.1.LTS/include/_defs.h", line 357 (col. 11): remark #1531-D: (ULP 5.2) Detected floating point operation(s). Recommend moving them to RAM during run time or not using as these are processing/power intensive
"/Applications/ti/ccs1250/ccs/tools/compiler/ti-cgt-msp430_21.6.1.LTS/include/_defs.h", line 359 (col. 37): remark #1531-D: (ULP 5.2) Detected floating point operation(s). Recommend moving them to RAM during run time or not using as these are processing/power intensive
"/Applications/ti/ccs1250/ccs/tools/compiler/ti-cgt-msp430_21.6.1.LTS/include/_defs.h", line 360 (col. 11): remark #1531-D: (ULP 5.2) Detected floating point operation(s). Recommend moving them to RAM during run time or not using as these are processing/power intensive
"/Applications/ti/ccs1250/ccs/tools/compiler/ti-cgt-msp430_21.6.1.LTS/include/_defs.h", line 361 (col. 11): remark #1531-D: (ULP 5.2) Detected floating point operation(s). Recommend moving them to RAM during run time or not using as these are processing/power intensive
"/Applications/ti/ccs1250/ccs/tools/compiler/ti-cgt-msp430_21.6.1.LTS/include/_defs.h", line 363 (col. 37): remark #1531-D: (ULP 5.2) Detected floating point operation(s). Recommend moving them to RAM during run time or not using as these are processing/power intensive
"/Applications/ti/ccs1250/ccs/tools/compiler/ti-cgt-msp430_21.6.1.LTS/include/_defs.h", line 364 (col. 10): remark #1531-D: (ULP 5.2) Detected floating point operation(s). Recommend moving them to RAM during run time or not using as these are processing/power intensive
"/Applications/ti/ccs1250/ccs/tools/compiler/ti-cgt-msp430_21.6.1.LTS/include/_defs.h", line 365 (col. 37): remark #1531-D: (ULP 5.2) Detected floating point operation(s). Recommend moving them to RAM during run time or not using as these are processing/power intensive
"/Applications/ti/ccs1250/ccs/tools/compiler/ti-cgt-msp430_21.6.1.LTS/include/_defs.h", line 366 (col. 10): remark #1531-D: (ULP 5.2) Detected floating point operation(s). Recommend moving them to RAM during run time or not using as these are processing/power intensive
"/Applications/ti/ccs1250/ccs/tools/compiler/ti-cgt-msp430_21.6.1.LTS/include/_defs.h", line 367 (col. 37): remark #1531-D: (ULP 5.2) Detected floating point operation(s). Recommend moving them to RAM during run time or not using as these are processing/power intensive
"/Applications/ti/ccs1250/ccs/tools/compiler/ti-cgt-msp430_21.6.1.LTS/include/_defs.h", line 368 (col. 10): remark #1531-D: (ULP 5.2) Detected floating point operation(s). Recommend moving them to RAM during run time or not using as these are processing/power intensive
"/Applications/ti/ccs1250/ccs/tools/compiler/ti-cgt-msp430_21.6.1.LTS/include/_defs.h", line 374 (col. 37): remark #1531-D: (ULP 5.2) Detected floating point operation(s). Recommend moving them to RAM during run time or not using as these are processing/power intensive
"/Applications/ti/ccs1250/ccs/tools/compiler/ti-cgt-msp430_21.6.1.LTS/include/_defs.h", line 375 (col. 10): remark #1531-D: (ULP 5.2) Detected floating point operation(s). Recommend moving them to RAM during run time or not using as these are processing/power intensive
"/Applications/ti/ccs1250/ccs/tools/compiler/ti-cgt-msp430_21.6.1.LTS/include/_defs.h", line 376 (col. 37): remark #1531-D: (ULP 5.2) Detected floating point operation(s). Recommend moving them to RAM during run time or not using as these are processing/power intensive
"/Applications/ti/ccs1250/ccs/tools/compiler/ti-cgt-msp430_21.6.1.LTS/include/_defs.h", line 377 (col. 10): remark #1531-D: (ULP 5.2) Detected floating point operation(s). Recommend moving them to RAM during run time or not using as these are processing/power intensive
"/Applications/ti/ccs1250/ccs/tools/compiler/ti-cgt-msp430_21.6.1.LTS/include/_defs.h", line 378 (col. 37): remark #1531-D: (ULP 5.2) Detected floating point operation(s). Recommend moving them to RAM during run time or not using as these are processing/power intensive
"/Applications/ti/ccs1250/ccs/tools/compiler/ti-cgt-msp430_21.6.1.LTS/include/_defs.h", line 379 (col. 10): remark #1531-D: (ULP 5.2) Detected floating point operation(s). Recommend moving them to RAM during run time or not using as these are processing/power intensive
"/Applications/ti/ccs1250/ccs/tools/compiler/ti-cgt-msp430_21.6.1.LTS/include/_defs.h", line 396 (col. 37): remark #1531-D: (ULP 5.2) Detected floating point operation(s). Recommend moving them to RAM during run time or not using as these are processing/power intensive
"/Applications/ti/ccs1250/ccs/tools/compiler/ti-cgt-msp430_21.6.1.LTS/include/_defs.h", line 398 (col. 9): remark #1531-D: (ULP 5.2) Detected floating point operation(s). Recommend moving them to RAM during run time or not using as these are processing/power intensive
"/Applications/ti/ccs1250/ccs/tools/compiler/ti-cgt-msp430_21.6.1.LTS/include/_defs.h", line 400 (col. 13): remark #1531-D: (ULP 5.2) Detected floating point operation(s). Recommend moving them to RAM during run time or not using as these are processing/power intensive
"/Applications/ti/ccs1250/ccs/tools/compiler/ti-cgt-msp430_21.6.1.LTS/include/_defs.h", line 404 (col. 9): remark #1531-D: (ULP 5.2) Detected floating point operation(s). Recommend moving them to RAM during run time or not using as these are processing/power intensive
"/Applications/ti/ccs1250/ccs/tools/compiler/ti-cgt-msp430_21.6.1.LTS/include/_defs.h", line 406 (col. 13): remark #1531-D: (ULP 5.2) Detected floating point operation(s). Recommend moving them to RAM during run time or not using as these are processing/power intensive
"/Applications/ti/ccs1250/ccs/tools/compiler/ti-cgt-msp430_21.6.1.LTS/include/_defs.h", line 413 (col. 37): remark #1531-D: (ULP 5.2) Detected floating point operation(s). Recommend moving them to RAM during run time or not using as these are processing/power intensive
"/Applications/ti/ccs1250/ccs/tools/compiler/ti-cgt-msp430_21.6.1.LTS/include/_defs.h", line 415 (col. 9): remark #1531-D: (ULP 5.2) Detected floating point operation(s). Recommend moving them to RAM during run time or not using as these are processing/power intensive
"/Applications/ti/ccs1250/ccs/tools/compiler/ti-cgt-msp430_21.6.1.LTS/include/_defs.h", line 417 (col. 13): remark #1531-D: (ULP 5.2) Detected floating point operation(s). Recommend moving them to RAM during run time or not using as these are processing/power intensive
"/Applications/ti/ccs1250/ccs/tools/compiler/ti-cgt-msp430_21.6.1.LTS/include/_defs.h", line 421 (col. 9): remark #1531-D: (ULP 5.2) Detected floating point operation(s). Recommend moving them to RAM during run time or not using as these are processing/power intensive
"/Applications/ti/ccs1250/ccs/tools/compiler/ti-cgt-msp430_21.6.1.LTS/include/_defs.h", line 423 (col. 13): remark #1531-D: (ULP 5.2) Detected floating point operation(s). Recommend moving them to RAM during run time or not using as these are processing/power intensive
"/Applications/ti/ccs1250/ccs/tools/compiler/ti-cgt-msp430_21.6.1.LTS/include/_defs.h", line 430 (col. 37): remark #1531-D: (ULP 5.2) Detected floating point operation(s). Recommend moving them to RAM during run time or not using as these are processing/power intensive
"/Applications/ti/ccs1250/ccs/tools/compiler/ti-cgt-msp430_21.6.1.LTS/include/_defs.h", line 432 (col. 9): remark #1531-D: (ULP 5.2) Detected floating point operation(s). Recommend moving them to RAM during run time or not using as these are processing/power intensive
"/Applications/ti/ccs1250/ccs/tools/compiler/ti-cgt-msp430_21.6.1.LTS/include/_defs.h", line 434 (col. 13): remark #1531-D: (ULP 5.2) Detected floating point operation(s). Recommend moving them to RAM during run time or not using as these are processing/power intensive
"/Applications/ti/ccs1250/ccs/tools/compiler/ti-cgt-msp430_21.6.1.LTS/include/_defs.h", line 438 (col. 9): remark #1531-D: (ULP 5.2) Detected floating point operation(s). Recommend moving them to RAM during run time or not using as these are processing/power intensive
"/Applications/ti/ccs1250/ccs/tools/compiler/ti-cgt-msp430_21.6.1.LTS/include/_defs.h", line 440 (col. 13): remark #1531-D: (ULP 5.2) Detected floating point operation(s). Recommend moving them to RAM during run time or not using as these are processing/power intensive
"../src/NoFearForDiabetes/scripts/main.c", line 44 (col. 7): remark #1531-D: (ULP 5.2) Detected floating point operation(s). Recommend moving them to RAM during run time or not using as these are processing/power intensive
"../src/NoFearForDiabetes/scripts/main.c", line 45 (col. 7): remark #1531-D: (ULP 5.2) Detected floating point operation(s). Recommend moving them to RAM during run time or not using as these are processing/power intensive
"../src/NoFearForDiabetes/scripts/main.c", line 46 (col. 7): remark #1531-D: (ULP 5.2) Detected floating point operation(s). Recommend moving them to RAM during run time or not using as these are processing/power intensive
"../src/NoFearForDiabetes/scripts/main.c", line 47 (col. 7): remark #1531-D: (ULP 5.2) Detected floating point operation(s). Recommend moving them to RAM during run time or not using as these are processing/power intensive
"../src/NoFearForDiabetes/scripts/main.c", line 48 (col. 7): remark #1531-D: (ULP 5.2) Detected floating point operation(s). Recommend moving them to RAM during run time or not using as these are processing/power intensive
"../src/NoFearForDiabetes/scripts/main.c", line 49 (col. 7): remark #1531-D: (ULP 5.2) Detected floating point operation(s). Recommend moving them to RAM during run time or not using as these are processing/power intensive
"../src/NoFearForDiabetes/scripts/main.c", line 50 (col. 7): remark #1531-D: (ULP 5.2) Detected floating point operation(s). Recommend moving them to RAM during run time or not using as these are processing/power intensive
"../src/NoFearForDiabetes/scripts/main.c", line 51 (col. 7): remark #1531-D: (ULP 5.2) Detected floating point operation(s). Recommend moving them to RAM during run time or not using as these are processing/power intensive
"../src/NoFearForDiabetes/scripts/main.c", line 52 (col. 7): remark #1531-D: (ULP 5.2) Detected floating point operation(s). Recommend moving them to RAM during run time or not using as these are processing/power intensive
"../src/NoFearForDiabetes/scripts/main.c", line 53 (col. 7): remark #1531-D: (ULP 5.2) Detected floating point operation(s). Recommend moving them to RAM during run time or not using as these are processing/power intensive
"../src/NoFearForDiabetes/scripts/main.c", line 54 (col. 7): remark #1531-D: (ULP 5.2) Detected floating point operation(s). Recommend moving them to RAM during run time or not using as these are processing/power intensive
"../src/NoFearForDiabetes/scripts/main.c", line 55 (col. 7): remark #1531-D: (ULP 5.2) Detected floating point operation(s). Recommend moving them to RAM during run time or not using as these are processing/power intensive
"../src/NoFearForDiabetes/scripts/main.c", line 56 (col. 7): remark #1531-D: (ULP 5.2) Detected floating point operation(s). Recommend moving them to RAM during run time or not using as these are processing/power intensive
"../src/NoFearForDiabetes/scripts/main.c", line 58 (col. 7): remark #1531-D: (ULP 5.2) Detected floating point operation(s). Recommend moving them to RAM during run time or not using as these are processing/power intensive
"../src/NoFearForDiabetes/scripts/main.c", line 59 (col. 7): remark #1531-D: (ULP 5.2) Detected floating point operation(s). Recommend moving them to RAM during run time or not using as these are processing/power intensive
"../src/NoFearForDiabetes/scripts/main.c", line 60 (col. 7): remark #1531-D: (ULP 5.2) Detected floating point operation(s). Recommend moving them to RAM during run time or not using as these are processing/power intensive
"../src/NoFearForDiabetes/scripts/main.c", line 61 (col. 7): remark #1531-D: (ULP 5.2) Detected floating point operation(s). Recommend moving them to RAM during run time or not using as these are processing/power intensive
"../src/NoFearForDiabetes/scripts/main.c", line 62 (col. 7): remark #1531-D: (ULP 5.2) Detected floating point operation(s). Recommend moving them to RAM during run time or not using as these are processing/power intensive
"../src/NoFearForDiabetes/scripts/main.c", line 63 (col. 7): remark #1531-D: (ULP 5.2) Detected floating point operation(s). Recommend moving them to RAM during run time or not using as these are processing/power intensive
"../src/NoFearForDiabetes/scripts/main.c", line 67 (col. 11): remark #1531-D: (ULP 5.2) Detected floating point operation(s). Recommend moving them to RAM during run time or not using as these are processing/power intensive
"../src/NoFearForDiabetes/scripts/main.c", line 84 (col. 17): remark #1531-D: (ULP 5.2) Detected floating point operation(s). Recommend moving them to RAM during run time or not using as these are processing/power intensive
"../src/NoFearForDiabetes/scripts/main.c", line 85 (col. 16): remark #1531-D: (ULP 5.2) Detected floating point operation(s). Recommend moving them to RAM during run time or not using as these are processing/power intensive
"../src/NoFearForDiabetes/scripts/main.c", line 89 (col. 35): remark #1531-D: (ULP 5.2) Detected floating point operation(s). Recommend moving them to RAM during run time or not using as these are processing/power intensive
"../src/NoFearForDiabetes/scripts/main.c", line 90 (col. 31): remark #1531-D: (ULP 5.2) Detected floating point operation(s). Recommend moving them to RAM during run time or not using as these are processing/power intensive
Finished building: "../src/NoFearForDiabetes/scripts/main.c"
 
Building target: "td1m_predictor.out"
Invoking: MSP430 Linker
"/Applications/ti/ccs1250/ccs/tools/compiler/ti-cgt-msp430_21.6.1.LTS/bin/cl430" -vmspx --data_model=restricted -Ooff --use_hw_mpy=F5 --advice:power=all --advice:hw_config=all --define=__MSP430FR5994__ --define=_MPU_ENABLE -g --printf_support=minimal --diag_warning=225 --diag_wrap=off --display_error_number --silicon_errata=CPU21 --silicon_errata=CPU22 --silicon_errata=CPU40 -z -m"td1m_predictor.map" --heap_size=160 --stack_size=160 --cinit_hold_wdt=on -i"/Applications/ti/ccs1250/ccs/ccs_base/msp430/include" -i"/Applications/ti/ccs1250/ccs/ccs_base/msp430/lib/5xx_6xx_FRxx" -i"/Applications/ti/ccs1250/ccs/ccs_base/msp430/lib/FR59xx" -i"/Applications/ti/ccs1250/ccs/tools/compiler/ti-cgt-msp430_21.6.1.LTS/lib" -i"/Applications/ti/ccs1250/ccs/tools/compiler/ti-cgt-msp430_21.6.1.LTS/include" --priority --reread_libs --define=_MPU_ENABLE --diag_wrap=off --display_error_number --warn_sections --xml_link_info="td1m_predictor_linkInfo.xml" --use_hw_mpy=F5 --rom_model -o "td1m_predictor.out" "./src/NoFearForDiabetes/scripts/anomaly_detector.obj" "./src/NoFearForDiabetes/scripts/auxiliary_functions.obj" "./src/NoFearForDiabetes/scripts/ekf.obj" "./src/NoFearForDiabetes/scripts/main.obj" "./src/NoFearForDiabetes/scripts/memory_util.obj" "./src/NoFearForDiabetes/scripts/model.obj" "./src/NoFearForDiabetes/scripts/patient.obj" "./src/NoFearForDiabetes/scripts/util.obj" "./src/driverlib/MSP430FR5xx_6xx/adc12_b.obj" "./src/driverlib/MSP430FR5xx_6xx/aes256.obj" "./src/driverlib/MSP430FR5xx_6xx/comp_e.obj" "./src/driverlib/MSP430FR5xx_6xx/crc.obj" "./src/driverlib/MSP430FR5xx_6xx/crc32.obj" "./src/driverlib/MSP430FR5xx_6xx/cs.obj" "./src/driverlib/MSP430FR5xx_6xx/dma.obj" "./src/driverlib/MSP430FR5xx_6xx/esi.obj" "./src/driverlib/MSP430FR5xx_6xx/eusci_a_spi.obj" "./src/driverlib/MSP430FR5xx_6xx/eusci_a_uart.obj" "./src/driverlib/MSP430FR5xx_6xx/eusci_b_i2c.obj" "./src/driverlib/MSP430FR5xx_6xx/eusci_b_spi.obj" "./src/driverlib/MSP430FR5xx_6xx/framctl.obj" "./src/driverlib/MSP430FR5xx_6xx/framctl_a.obj" "./src/driverlib/MSP430FR5xx_6xx/gpio.obj" "./src/driverlib/MSP430FR5xx_6xx/hspll.obj" "./src/driverlib/MSP430FR5xx_6xx/lcd_c.obj" "./src/driverlib/MSP430FR5xx_6xx/mpu.obj" "./src/driverlib/MSP430FR5xx_6xx/mpy32.obj" "./src/driverlib/MSP430FR5xx_6xx/mtif.obj" "./src/driverlib/MSP430FR5xx_6xx/pmm.obj" "./src/driverlib/MSP430FR5xx_6xx/ram.obj" "./src/driverlib/MSP430FR5xx_6xx/ref_a.obj" "./src/driverlib/MSP430FR5xx_6xx/rtc_b.obj" "./src/driverlib/MSP430FR5xx_6xx/rtc_c.obj" "./src/driverlib/MSP430FR5xx_6xx/saph.obj" "./src/driverlib/MSP430FR5xx_6xx/sdhs.obj" "./src/driverlib/MSP430FR5xx_6xx/sfr.obj" "./src/driverlib/MSP430FR5xx_6xx/sysctl.obj" "./src/driverlib/MSP430FR5xx_6xx/timer_a.obj" "./src/driverlib/MSP430FR5xx_6xx/timer_b.obj" "./src/driverlib/MSP430FR5xx_6xx/tlv.obj" "./src/driverlib/MSP430FR5xx_6xx/uups.obj" "./src/driverlib/MSP430FR5xx_6xx/wdt_a.obj" "../lnk_msp430fr5994.cmd"  -llibmpu_init.a -llibmath.a -llibc.a 
<Linking>
remark #10371-D: (ULP 1.1) Detected no uses of low power mode state changing instructions
remark #10372-D: (ULP 4.1) Detected uninitialized Port 1 in this project. Recommend initializing all unused ports to eliminate wasted current consumption on unused pins.
remark #10372-D: (ULP 4.1) Detected uninitialized Port 2 in this project. Recommend initializing all unused ports to eliminate wasted current consumption on unused pins.
remark #10372-D: (ULP 4.1) Detected uninitialized Port 3 in this project. Recommend initializing all unused ports to eliminate wasted current consumption on unused pins.
remark #10372-D: (ULP 4.1) Detected uninitialized Port 4 in this project. Recommend initializing all unused ports to eliminate wasted current consumption on unused pins.
remark #10372-D: (ULP 4.1) Detected uninitialized Port 5 in this project. Recommend initializing all unused ports to eliminate wasted current consumption on unused pins.
remark #10372-D: (ULP 4.1) Detected uninitialized Port 6 in this project. Recommend initializing all unused ports to eliminate wasted current consumption on unused pins.
remark #10372-D: (ULP 4.1) Detected uninitialized Port 7 in this project. Recommend initializing all unused ports to eliminate wasted current consumption on unused pins.
remark #10372-D: (ULP 4.1) Detected uninitialized Port 8 in this project. Recommend initializing all unused ports to eliminate wasted current consumption on unused pins.
remark #10372-D: (ULP 4.1) Detected uninitialized Port 9 in this project. Recommend initializing all unused ports to eliminate wasted current consumption on unused pins.
remark #10372-D: (ULP 4.1) Detected uninitialized Port A in this project. Recommend initializing all unused ports to eliminate wasted current consumption on unused pins.
remark #10372-D: (ULP 4.1) Detected uninitialized Port B in this project. Recommend initializing all unused ports to eliminate wasted current consumption on unused pins.
remark #10372-D: (ULP 4.1) Detected uninitialized Port C in this project. Recommend initializing all unused ports to eliminate wasted current consumption on unused pins.
remark #10372-D: (ULP 4.1) Detected uninitialized Port D in this project. Recommend initializing all unused ports to eliminate wasted current consumption on unused pins.
remark #10372-D: (ULP 4.1) Detected uninitialized Port E in this project. Recommend initializing all unused ports to eliminate wasted current consumption on unused pins.
remark #10436-D: (ULP 6.3) Detected use of a device with a Low Energy Accelerator (LEA) but application does not appear to use LEA. Recommend offloading vector math and signal processing to LEA for improved performance.
Finished building target: "td1m_predictor.out"
 

**** Build Finished ****
